Processing megaatmega2560 (platform: atmelavr; board: megaatmega2560; framework: arduino)
--------------------------------------------------------------------------------
Verbose mode can be enabled via `-v, --verbose` option
CONFIGURATION: https://docs.platformio.org/page/boards/atmelavr/megaatmega2560.html
PLATFORM: Atmel AVR (5.1.0) > Arduino Mega or Mega 2560 ATmega2560 (Mega 2560)
HARDWARE: ATMEGA2560 16MHz, 8KB RAM, 248KB Flash
DEBUG: Current (avr-stub) External (avr-stub, simavr)
PACKAGES: 
 - framework-arduino-avr @ 5.2.0 
 - toolchain-atmelavr @ 1.70300.191015 (7.3.0)
LDF: Library Dependency Finder -> https://bit.ly/configure-pio-ldf
LDF Modes: Finder ~ chain, Compatibility ~ soft
Found 5 compatible libraries
Scanning dependencies...
No dependencies
Building in release mode
Compiling .pio/build/megaatmega2560/src/coolant_control.c.o
Compiling .pio/build/megaatmega2560/src/eeprom.c.o
Compiling .pio/build/megaatmega2560/src/gcode.c.o
src/eeprom.c: In function 'memcpy_to_eeprom_with_checksum':
src/eeprom.c:133:26: warning: '<<' in boolean context, did you mean '<' ? [-Wint-in-bool-context]
     checksum = (checksum << 1) || (checksum >> 7);
                ~~~~~~~~~~^~~~~
src/eeprom.c: In function 'memcpy_from_eeprom_with_checksum':
src/eeprom.c:144:26: warning: '<<' in boolean context, did you mean '<' ? [-Wint-in-bool-context]
     checksum = (checksum << 1) || (checksum >> 7);
                ~~~~~~~~~~^~~~~
Compiling .pio/build/megaatmega2560/src/limits.c.o
Compiling .pio/build/megaatmega2560/src/main.c.o
Compiling .pio/build/megaatmega2560/src/motion_control.c.o
Compiling .pio/build/megaatmega2560/src/nuts_bolts.c.o
Compiling .pio/build/megaatmega2560/src/planner.c.o
Compiling .pio/build/megaatmega2560/src/print.c.o
Compiling .pio/build/megaatmega2560/src/probe.c.o
src/motion_control.c: In function 'mc_line':
src/motion_control.c:47:40: warning: 'return' with no value, in function returning non-void
   if (sys.state == STATE_CHECK_MODE) { return; }
                                        ^~~~~~
src/motion_control.c:38:11: note: declared here
   uint8_t mc_line(uint8_t mode, float *target, float feed_rate, uint8_t invert_feed_rate)
           ^~~~~~~
Compiling .pio/build/megaatmega2560/src/protocol.c.o
Compiling .pio/build/megaatmega2560/src/report.c.o
src/print.c: In function 'uart_printf':
src/print.c:212:2: warning: implicit declaration of function 'vsprintf' [-Wimplicit-function-declaration]
  vsprintf(buf,str,ptr);
  ^~~~~~~~
Compiling .pio/build/megaatmega2560/src/serial.c.o
Compiling .pio/build/megaatmega2560/src/settings.c.o
Compiling .pio/build/megaatmega2560/src/spindle_control.c.o
Compiling .pio/build/megaatmega2560/src/step_lowlevel.c.o
Compiling .pio/build/megaatmega2560/src/stepper.c.o
Compiling .pio/build/megaatmega2560/src/system.c.o
src/step_lowlevel.c: In function 'set_steps':
src/step_lowlevel.c:80:4: warning: implicit declaration of function 'delay_us'; did you mean '_delay_us'? [-Wimplicit-function-declaration]
    delay_us(100);
    ^~~~~~~~
    _delay_us
Compiling .pio/build/megaatmega2560/src/uarm_angle.c.o
Compiling .pio/build/megaatmega2560/src/uarm_coord_convert.c.o
Compiling .pio/build/megaatmega2560/src/uarm_iic.c.o
Compiling .pio/build/megaatmega2560/src/uarm_peripheral.c.o
src/uarm_angle.c: In function 'calculate_current_angle':
src/uarm_angle.c:138:26: warning: unused variable 'tail_data' [-Wunused-variable]
  uint16_t head_data = 0, tail_data = 0;
                          ^~~~~~~~~
src/uarm_angle.c:138:11: warning: unused variable 'head_data' [-Wunused-variable]
  uint16_t head_data = 0, tail_data = 0;
           ^~~~~~~~~
src/uarm_angle.c:137:6: warning: unused variable 'i' [-Wunused-variable]
  int i = 0;
      ^
src/uarm_angle.c: In function 'check_encoder':
src/uarm_angle.c:131:1: warning: control reaches end of non-void function [-Wreturn-type]
 }
 ^
src/uarm_angle.c: In function 'get_point_b_angle':
src/uarm_angle.c:56:1: warning: control reaches end of non-void function [-Wreturn-type]
 }
 ^
src/uarm_coord_convert.c:66:1: warning: multi-line comment [-Wcomment]
 //               /\          |          /              |            \
 ^
src/uarm_coord_convert.c:68:1: warning: multi-line comment [-Wcomment]
 //           __/    \        |        /_____  AngleA   |   angleB ____\
 ^
Compiling .pio/build/megaatmega2560/src/uarm_protocol.c.o
Compiling .pio/build/megaatmega2560/src/uarm_swift.c.o
Compiling .pio/build/megaatmega2560/src/uarm_timer.c.o
Archiving .pio/build/megaatmega2560/libFrameworkArduinoVariant.a
Indexing .pio/build/megaatmega2560/libFrameworkArduinoVariant.a
src/uarm_protocol.c: In function 'uarm_cmd_g2004':
src/uarm_protocol.c:240:6: warning: suggest parentheses around assignment used as truth value [-Wparentheses]
  if( rtn = sscanf(payload, "P%d", &delay_ms ) < 1 ){
      ^~~
src/uarm_protocol.c: In function 'uarm_cmd_g2201':
src/uarm_protocol.c:252:6: warning: suggest parentheses around assignment used as truth value [-Wparentheses]
  if( rtn = sscanf(payload, "S%[0-9-+.]R%[0-9-+.]H%[0-9-+.]F%[0-9-+.]", s_str, r_str, h_str, f_str) < 4 ){
      ^~~
src/uarm_protocol.c: In function 'uarm_cmd_g2202':
src/uarm_protocol.c:278:6: warning: suggest parentheses around assignment used as truth value [-Wparentheses]
  if( rtn = sscanf(payload, "N%dV%[0-9-+.]F%[0-9-+.]", &num, angle_str, f_str ) < 3 ){
      ^~~
src/uarm_protocol.c: In function 'uarm_cmd_g2204':
src/uarm_protocol.c:320:6: warning: suggest parentheses around assignment used as truth value [-Wparentheses]
  if( rtn = sscanf(payload, "X%[0-9-+.]Y%[0-9-+.]Z%[0-9-+.]F%[0-9-+.]", x_str, y_str, z_str, f_str ) < 4 ){
      ^~~
src/uarm_protocol.c: In function 'uarm_cmd_g2205':
src/uarm_protocol.c:345:6: warning: suggest parentheses around assignment used as truth value [-Wparentheses]
  if( rtn = sscanf(payload, "S%[0-9-+.]R%[0-9-+.]H%[0-9-+.]F%[0-9-+.]", s_str, r_str, h_str, f_str) < 4 ){
      ^~~
src/uarm_peripheral.c: In function 'setE2PROMData':
src/uarm_peripheral.c:520:4: warning: implicit declaration of function 'eeprom_iic_writebuf' [-Wimplicit-function-declaration]
    eeprom_iic_writebuf(FData.data, deviceAddr, addr, i);// write data
    ^~~~~~~~~~~~~~~~~~~
src/uarm_protocol.c: In function 'uarm_cmd_g2206':
src/uarm_protocol.c:384:6: warning: suggest parentheses around assignment used as truth value [-Wparentheses]
  if( rtn = sscanf(payload, "B%[0-9-+.]L%[0-9-+.]R%[0-9-+.]F%[0-9-+.]", angle_b_str, angle_l_str, angle_r_str, speed_str ) < 4 ){
      ^~~
src/uarm_protocol.c: In function 'uarm_cmd_m204':
src/uarm_protocol.c:505:6: warning: suggest parentheses around assignment used as truth value [-Wparentheses]
  if( rtn = sscanf(payload, "A%[0-9-+.]", accele_str) < 1 ){
      ^~~
src/uarm_protocol.c: In function 'uarm_cmd_m2120':
src/uarm_protocol.c:539:6: warning: suggest parentheses around assignment used as truth value [-Wparentheses]
  if( rtn = sscanf(payload, "V%s", time_str ) < 1 ){
      ^~~
src/uarm_protocol.c: In function 'uarm_cmd_m2205':
src/uarm_protocol.c:688:6: warning: suggest parentheses around assignment used as truth value [-Wparentheses]
  if( rtn = sscanf(payload, "VUB%[0-9.]", sn_num ) < 1 ){
      ^~~
src/uarm_protocol.c: In function 'uarm_cmd_m2210':
src/uarm_protocol.c:703:6: warning: suggest parentheses around assignment used as truth value [-Wparentheses]
  if( rtn = sscanf(payload, "F%[0-9.]T%d", fre_str, &duration) < 2 ){
      ^~~
src/uarm_protocol.c: In function 'uarm_cmd_m2211':
src/uarm_protocol.c:719:29: warning: format '%d' expects argument of type 'int *', but argument 3 has type 'unsigned char *' [-Wformat=]
  if(rtn = sscanf(payload,"N%dA%dT%d",&device,&addr,&type)<3){
                            ~^        ~~~~~~~
                            %hhd
src/uarm_protocol.c:719:35: warning: format '%d' expects argument of type 'int *', but argument 5 has type 'unsigned char *' [-Wformat=]
  if(rtn = sscanf(payload,"N%dA%dT%d",&device,&addr,&type)<3){
                                  ~^                ~~~~~
                                  %hhd
src/uarm_protocol.c:719:5: warning: suggest parentheses around assignment used as truth value [-Wparentheses]
  if(rtn = sscanf(payload,"N%dA%dT%d",&device,&addr,&type)<3){
     ^~~
src/uarm_protocol.c: In function 'uarm_cmd_m2212':
src/uarm_protocol.c:768:29: warning: format '%d' expects argument of type 'int *', but argument 3 has type 'unsigned char *' [-Wformat=]
  if(rtn = sscanf(payload,"N%dA%dT%dV%[0-9.]",&device,&addr,&type,value)<4){
                            ~^                ~~~~~~~
                            %hhd
src/uarm_protocol.c:768:35: warning: format '%d' expects argument of type 'int *', but argument 5 has type 'unsigned char *' [-Wformat=]
  if(rtn = sscanf(payload,"N%dA%dT%dV%[0-9.]",&device,&addr,&type,value)<4){
                                  ~^                        ~~~~~
                                  %hhd
src/uarm_protocol.c:768:5: warning: suggest parentheses around assignment used as truth value [-Wparentheses]
  if(rtn = sscanf(payload,"N%dA%dT%dV%[0-9.]",&device,&addr,&type,value)<4){
     ^~~
src/uarm_protocol.c: In function 'uarm_cmd_m2220':
src/uarm_protocol.c:818:6: warning: suggest parentheses around assignment used as truth value [-Wparentheses]
  if( rtn = sscanf(payload, "X%[0-9-+.]Y%[0-9-+.]Z%[0-9-+.]", x_str, y_str, z_str ) < 3 ){
      ^~~
src/uarm_protocol.c: In function 'uarm_cmd_m2221':
src/uarm_protocol.c:846:6: warning: suggest parentheses around assignment used as truth value [-Wparentheses]
  if( rtn = sscanf(payload, "B%[0-9-+.]L%[0-9-+.]R%[0-9-+.]", b_str, l_str, r_str ) < 3 ){
      ^~~
src/uarm_peripheral.c: In function 'getE2PROMData':
src/uarm_peripheral.c:577:4: warning: implicit declaration of function 'eeprom_iic_readbuf'; did you mean 'eeprom_put_char'? [-Wimplicit-function-declaration]
    eeprom_iic_readbuf(FData.data, deviceAddr, addr, i);
    ^~~~~~~~~~~~~~~~~~
    eeprom_put_char
src/uarm_protocol.c: In function 'uarm_cmd_m2222':
src/uarm_protocol.c:875:6: warning: suggest parentheses around assignment used as truth value [-Wparentheses]
  if( rtn = sscanf(payload, "X%[0-9-+.]Y%[0-9-+.]Z%[0-9-+.]P%d", x_str, y_str, z_str, &mode) < 4 ){
      ^~~
src/uarm_protocol.c: In function 'uarm_cmd_m2240':
src/uarm_protocol.c:931:6: warning: suggest parentheses around assignment used as truth value [-Wparentheses]
  if( rtn = sscanf(payload, "N%dV%d", &pin, &value) < 2 ){
      ^~~
src/uarm_protocol.c: In function 'uarm_cmd_m2241':
src/uarm_protocol.c:949:6: warning: suggest parentheses around assignment used as truth value [-Wparentheses]
  if( rtn = sscanf(payload, "N%dV%d", &pin, &value) < 2 ){
      ^~~
src/uarm_peripheral.c: In function 'pump_tick':
src/uarm_peripheral.c:728:2: warning: enumeration value 'PUMP_STATE_COUNT' not handled in switch [-Wswitch]
  switch (pump_state)
  ^~~~~~
src/uarm_protocol.c: In function 'uarm_cmd_m2400':
src/uarm_protocol.c:995:7: warning: implicit declaration of function 'end_effector_get_origin'; did you mean 'end_effector_get_angle'? [-Wimplicit-function-declaration]
       end_effector_get_origin();
       ^~~~~~~~~~~~~~~~~~~~~~~
       end_effector_get_angle
src/uarm_protocol.c: In function 'uarm_cmd_m2411':
src/uarm_protocol.c:1061:6: warning: suggest parentheses around assignment used as truth value [-Wparentheses]
  if( rtn = sscanf(payload, "S%[0-9-+.]", offset_str) < 1 ){
      ^~~
src/uarm_protocol.c: In function 'uarm_cmd_m2412':
src/uarm_protocol.c:1079:6: warning: suggest parentheses around assignment used as truth value [-Wparentheses]
  if( rtn = sscanf(payload, "V%[0-9-+.]", offset_str) < 1 ){
      ^~~
src/uarm_protocol.c: In function 'uarm_cmd_m2413':
src/uarm_protocol.c:1096:6: warning: suggest parentheses around assignment used as truth value [-Wparentheses]
  if( rtn = sscanf(payload, "H%[0-9-+.]", offset_str) < 1 ){
      ^~~
src/uarm_swift.c: In function 'uarm_swift_init':
src/uarm_swift.c:28:2: warning: implicit declaration of function 'end_effector_get_origin'; did you mean 'end_effector_get_angle'? [-Wimplicit-function-declaration]
  end_effector_get_origin();
  ^~~~~~~~~~~~~~~~~~~~~~~
  end_effector_get_angle
src/uarm_protocol.c: In function 'uarm_cmd_p2240':
src/uarm_protocol.c:1478:6: warning: suggest parentheses around assignment used as truth value [-Wparentheses]
   DB_PRINT_STR( "sscanf %d\r\n", rtn );
      ^~~
src/uarm_protocol.c: In function 'uarm_cmd_p2241':
src/uarm_protocol.c:1492:6: warning: suggest parentheses around assignment used as truth value [-Wparentheses]
Compiling .pio/build/megaatmega2560/FrameworkArduino/CDC.cpp.o
   DB_PRINT_STR( "sscanf %d\r\n", rtn );
      ^~~
At top level:
src/uarm_peripheral.c:661:12: warning: 'adc_read_value' defined but not used [-Wunused-function]
 static int adc_read_value(uint8_t pin){
            ^~~~~~~~~~~~~~
src/uarm_peripheral.c:641:13: warning: '_sort' defined but not used [-Wunused-function]
 static void _sort(unsigned int array[], unsigned int len)
             ^~~~~
src/uarm_protocol.c: In function 'uarm_cmd_p2242':
src/uarm_protocol.c:1507:18: warning: passing argument 1 of 'get_refer_value' from incompatible pointer type [-Wincompatible-pointer-types]
  sprintf( tail_report_str, " B%d L%d R%d\n", refer_value[2], refer_value[0], refer_value[1] );
                  ^
In file included from src/uarm_common.h:15:0,
                 from src/uarm_protocol.h:4,
                 from src/uarm_protocol.c:2:
src/uarm_angle.h:15:6: note: expected 'uint16_t * {aka unsigned int *}' but argument is of type 'uint16_t (*)[3] {aka unsigned int (*)[3]}'
 void get_refer_value(uint16_t *value);
      ^~~~~~~~~~~~~~~
src/uarm_protocol.c: In function 'uarm_cmd_p2243':
src/uarm_protocol.c:1513:22: warning: passing argument 1 of 'get_angle_reg_value' from incompatible pointer type [-Wincompatible-pointer-types]
  sprintf( tail_report_str, " B%d L%d R%d\n", angle_reg_value[2], angle_reg_value[0], angle_reg_value[1] );
                      ^
In file included from src/uarm_common.h:15:0,
                 from src/uarm_protocol.h:4,
                 from src/uarm_protocol.c:2:
src/uarm_angle.h:16:6: note: expected 'uint16_t * {aka unsigned int *}' but argument is of type 'uint16_t (*)[3] {aka unsigned int (*)[3]}'
 void get_angle_reg_value(uint16_t *value);
      ^~~~~~~~~~~~~~~~~~~
src/uarm_protocol.c: In function 'uarm_cmd_p2244':
src/uarm_protocol.c:1556:1: warning: control reaches end of non-void function [-Wreturn-type]
 
 ^
Compiling .pio/build/megaatmega2560/FrameworkArduino/HardwareSerial.cpp.o
Compiling .pio/build/megaatmega2560/FrameworkArduino/HardwareSerial0.cpp.o
Compiling .pio/build/megaatmega2560/FrameworkArduino/HardwareSerial1.cpp.o
Compiling .pio/build/megaatmega2560/FrameworkArduino/HardwareSerial2.cpp.o
Compiling .pio/build/megaatmega2560/FrameworkArduino/HardwareSerial3.cpp.o
Compiling .pio/build/megaatmega2560/FrameworkArduino/IPAddress.cpp.o
Compiling .pio/build/megaatmega2560/FrameworkArduino/PluggableUSB.cpp.o
Compiling .pio/build/megaatmega2560/FrameworkArduino/Print.cpp.o
Compiling .pio/build/megaatmega2560/FrameworkArduino/Stream.cpp.o
Compiling .pio/build/megaatmega2560/FrameworkArduino/Tone.cpp.o
Compiling .pio/build/megaatmega2560/FrameworkArduino/USBCore.cpp.o
Compiling .pio/build/megaatmega2560/FrameworkArduino/WInterrupts.c.o
Compiling .pio/build/megaatmega2560/FrameworkArduino/WMath.cpp.o
Compiling .pio/build/megaatmega2560/FrameworkArduino/WString.cpp.o
Compiling .pio/build/megaatmega2560/FrameworkArduino/abi.cpp.o
Compiling .pio/build/megaatmega2560/FrameworkArduino/hooks.c.o
Compiling .pio/build/megaatmega2560/FrameworkArduino/main.cpp.o
Compiling .pio/build/megaatmega2560/FrameworkArduino/new.cpp.o
Compiling .pio/build/megaatmega2560/FrameworkArduino/wiring.c.o
Compiling .pio/build/megaatmega2560/FrameworkArduino/wiring_analog.c.o
Compiling .pio/build/megaatmega2560/FrameworkArduino/wiring_digital.c.o
Compiling .pio/build/megaatmega2560/FrameworkArduino/wiring_pulse.S.o
Compiling .pio/build/megaatmega2560/FrameworkArduino/wiring_pulse.c.o
Compiling .pio/build/megaatmega2560/FrameworkArduino/wiring_shift.c.o
Archiving .pio/build/megaatmega2560/libFrameworkArduino.a
Indexing .pio/build/megaatmega2560/libFrameworkArduino.a
Linking .pio/build/megaatmega2560/firmware.elf
src/uarm_peripheral.c:577:4: warning: type of 'eeprom_iic_readbuf' does not match original declaration [-Wlto-type-mismatch]
    eeprom_iic_readbuf(FData.data, deviceAddr, addr, i);
    ^
src/uarm_iic.c:216:15: note: return value type mismatch
 unsigned char eeprom_iic_readbuf(unsigned char *buf,unsigned char device_addr,unsigned int addr,unsigned char len)
               ^
src/uarm_iic.c:216:15: note: type 'unsigned char' should match type 'int'
src/uarm_iic.c:216:15: note: 'eeprom_iic_readbuf' was previously declared here
src/uarm_peripheral.c:520:4: warning: type of 'eeprom_iic_writebuf' does not match original declaration [-Wlto-type-mismatch]
    eeprom_iic_writebuf(FData.data, deviceAddr, addr, i);// write data
    ^
src/uarm_iic.c:187:15: note: return value type mismatch
 unsigned char eeprom_iic_writebuf(unsigned char *buf,unsigned char device_addr,unsigned int addr,unsigned char len)
               ^
src/uarm_iic.c:187:15: note: type 'unsigned char' should match type 'int'
src/uarm_iic.c:187:15: note: 'eeprom_iic_writebuf' was previously declared here
Checking size .pio/build/megaatmega2560/firmware.elf
Advanced Memory Usage is available via "PlatformIO Home > Project Inspect"
RAM:   [======    ]  62.4% (used 5112 bytes from 8192 bytes)
Flash: [===       ]  26.4% (used 67008 bytes from 253952 bytes)
Building .pio/build/megaatmega2560/firmware.hex
========================= [SUCCESS] Took 1.49 seconds =========================
